  Timer.cpp
c1xx : fatal error C1083: Cannot open source file: '..\..\..\..\Documents\GitHub\191\Engine\src\Timer.cpp': No such file or directory
  TextureLoader.cpp
c1xx : fatal error C1083: Cannot open source file: '..\..\..\..\Documents\GitHub\191\Engine\src\TextureLoader.cpp': No such file or directory
  Texture.cpp
c1xx : fatal error C1083: Cannot open source file: '..\..\..\..\Documents\GitHub\191\Engine\src\Texture.cpp': No such file or directory
  Player.cpp
c1xx : fatal error C1083: Cannot open source file: '..\..\..\..\Documents\GitHub\191\Engine\src\Player.cpp': No such file or directory
  Parallax.cpp
c1xx : fatal error C1083: Cannot open source file: '..\..\..\..\Documents\GitHub\191\Engine\src\Parallax.cpp': No such file or directory
  Model.cpp
c1xx : fatal error C1083: Cannot open source file: '..\..\..\..\Documents\GitHub\191\Engine\src\Model.cpp': No such file or directory
  Inputs.cpp
c1xx : fatal error C1083: Cannot open source file: '..\..\..\..\Documents\GitHub\191\Engine\src\Inputs.cpp': No such file or directory
  GLScene.cpp
c1xx : fatal error C1083: Cannot open source file: '..\..\..\..\Documents\GitHub\191\Engine\src\GLScene.cpp': No such file or directory
  GLLight.cpp
c1xx : fatal error C1083: Cannot open source file: '..\..\..\..\Documents\GitHub\191\Engine\src\GLLight.cpp': No such file or directory
  DeltaTime.cpp
c1xx : fatal error C1083: Cannot open source file: '..\..\..\..\Documents\GitHub\191\Engine\src\DeltaTime.cpp': No such file or directory
  main.cpp
c1xx : fatal error C1083: Cannot open source file: '..\..\..\..\Documents\GitHub\191\Engine\main.cpp': No such file or directory
  Generating Code...
