c:\users\sesat\source\repos\game engine\game engine\debug\vc141.pdb
c:\users\sesat\source\repos\game engine\game engine\debug\vc141.idb
c:\users\sesat\source\repos\game engine\game engine\debug\main.obj
c:\users\sesat\source\repos\game engine\game engine\debug\deltatime.obj
c:\users\sesat\source\repos\game engine\game engine\debug\gllight.obj
c:\users\sesat\source\repos\game engine\game engine\debug\glscene.obj
c:\users\sesat\source\repos\game engine\game engine\debug\inputs.obj
c:\users\sesat\source\repos\game engine\game engine\debug\model.obj
c:\users\sesat\source\repos\game engine\game engine\debug\parallax.obj
c:\users\sesat\source\repos\game engine\game engine\debug\player.obj
c:\users\sesat\source\repos\game engine\game engine\debug\texture.obj
c:\users\sesat\source\repos\game engine\game engine\debug\textureloader.obj
c:\users\sesat\source\repos\game engine\game engine\debug\timer.obj
c:\users\sesat\source\repos\game engine\debug\game engine.ilk
c:\users\sesat\source\repos\game engine\debug\game engine.exe
c:\users\sesat\source\repos\game engine\debug\game engine.pdb
c:\users\sesat\source\repos\game engine\game engine\debug\game engine.tlog\cl.command.1.tlog
c:\users\sesat\source\repos\game engine\game engine\debug\game engine.tlog\cl.read.1.tlog
c:\users\sesat\source\repos\game engine\game engine\debug\game engine.tlog\cl.write.1.tlog
c:\users\sesat\source\repos\game engine\game engine\debug\game engine.tlog\link.command.1.tlog
c:\users\sesat\source\repos\game engine\game engine\debug\game engine.tlog\link.read.1.tlog
c:\users\sesat\source\repos\game engine\game engine\debug\game engine.tlog\link.write.1.tlog
