  main.cpp
e:\college\191\191\engine\main.cpp(14): fatal error C1083: Cannot open include file: 'GLScene.h': No such file or directory
  DeltaTime.cpp
e:\college\191\191\engine\src\deltatime.cpp(1): fatal error C1083: Cannot open include file: 'DeltaTime.h': No such file or directory
  GLLight.cpp
e:\college\191\191\engine\src\gllight.cpp(3): fatal error C1083: Cannot open include file: 'GLLight.h': No such file or directory
  GLScene.cpp
e:\college\191\191\engine\src\glscene.cpp(3): fatal error C1083: Cannot open include file: 'GLScene.h': No such file or directory
  Inputs.cpp
e:\college\191\191\engine\src\inputs.cpp(1): fatal error C1083: Cannot open include file: 'Inputs.h': No such file or directory
  Model.cpp
e:\college\191\191\engine\src\model.cpp(1): fatal error C1083: Cannot open include file: 'Model.h': No such file or directory
  Parallax.cpp
e:\college\191\191\engine\src\parallax.cpp(1): fatal error C1083: Cannot open include file: 'Parallax.h': No such file or directory
  Player.cpp
e:\college\191\191\engine\src\player.cpp(1): fatal error C1083: Cannot open include file: 'Player.h': No such file or directory
  Skybox.cpp
e:\college\191\191\engine\src\skybox.cpp(1): fatal error C1083: Cannot open include file: 'Skybox.h': No such file or directory
  Texture.cpp
e:\college\191\191\engine\src\texture.cpp(1): fatal error C1083: Cannot open include file: 'Texture.h': No such file or directory
  TextureLoader.cpp
e:\college\191\191\engine\src\textureloader.cpp(1): fatal error C1083: Cannot open include file: 'TextureLoader.h': No such file or directory
  Timer.cpp
e:\college\191\191\engine\src\timer.cpp(1): fatal error C1083: Cannot open include file: 'Timer.h': No such file or directory
  Generating Code...
